<?xml version="1.0" encoding="UTF-8"?>
<testsuite xmlns:xsi="http://www.w3.org/2001/XMLSchema-instance" xsi:noNamespaceSchemaLocation="https://maven.apache.org/surefire/maven-surefire-plugin/xsd/surefire-test-report.xsd" name="com.cb.dubbo.demo.provider.AppTest" time="0.007" tests="1" errors="0" skipped="0" failures="0">
  <properties>
    <property name="sun.desktop" value="windows"/>
    <property name="awt.toolkit" value="sun.awt.windows.WToolkit"/>
    <property name="file.encoding.pkg" value="sun.io"/>
    <property name="java.specification.version" value="1.8"/>
    <property name="sun.cpu.isalist" value="amd64"/>
    <property name="sun.jnu.encoding" value="GBK"/>
    <property name="java.class.path" value="D:\chenbin\workspace20180920\dubbo_Demo_Provider\target\test-classes;D:\chenbin\workspace20180920\dubbo_Demo_Provider\target\classes;D:\chenbin\setUpSoftWare\apache-maven-3.5.4\downLoadLib\org\apache\tomcat\tomcat-juli\8.5.28\tomcat-juli-8.5.28.jar;D:\chenbin\setUpSoftWare\apache-maven-3.5.4\downLoadLib\com\cb\dubbo.demo.api\0.0.1-SNAPSHOT\dubbo.demo.api-0.0.1-SNAPSHOT.jar;D:\chenbin\setUpSoftWare\apache-maven-3.5.4\downLoadLib\com\alibaba\dubbo\2.5.3\dubbo-2.5.3.jar;D:\chenbin\setUpSoftWare\apache-maven-3.5.4\downLoadLib\org\javassist\javassist\3.15.0-GA\javassist-3.15.0-GA.jar;D:\chenbin\setUpSoftWare\apache-maven-3.5.4\downLoadLib\org\jboss\netty\netty\3.2.5.Final\netty-3.2.5.Final.jar;D:\chenbin\setUpSoftWare\apache-maven-3.5.4\downLoadLib\com\github\sgroschupf\zkclient\0.1\zkclient-0.1.jar;D:\chenbin\setUpSoftWare\apache-maven-3.5.4\downLoadLib\log4j\log4j\1.2.14\log4j-1.2.14.jar;D:\chenbin\setUpSoftWare\apache-maven-3.5.4\downLoadLib\org\apache\zookeeper\zookeeper\3.4.10\zookeeper-3.4.10.jar;D:\chenbin\setUpSoftWare\apache-maven-3.5.4\downLoadLib\org\slf4j\slf4j-api\1.7.25\slf4j-api-1.7.25.jar;D:\chenbin\setUpSoftWare\apache-maven-3.5.4\downLoadLib\org\slf4j\slf4j-log4j12\1.7.25\slf4j-log4j12-1.7.25.jar;D:\chenbin\setUpSoftWare\apache-maven-3.5.4\downLoadLib\jline\jline\0.9.94\jline-0.9.94.jar;D:\chenbin\setUpSoftWare\apache-maven-3.5.4\downLoadLib\io\netty\netty\3.10.5.Final\netty-3.10.5.Final.jar;D:\chenbin\setUpSoftWare\apache-maven-3.5.4\downLoadLib\org\springframework\boot\spring-boot-starter-web\2.0.0.RELEASE\spring-boot-starter-web-2.0.0.RELEASE.jar;D:\chenbin\setUpSoftWare\apache-maven-3.5.4\downLoadLib\org\springframework\boot\spring-boot-starter\2.0.0.RELEASE\spring-boot-starter-2.0.0.RELEASE.jar;D:\chenbin\setUpSoftWare\apache-maven-3.5.4\downLoadLib\org\springframework\boot\spring-boot\2.0.0.RELEASE\spring-boot-2.0.0.RELEASE.jar;D:\chenbin\setUpSoftWare\apache-maven-3.5.4\downLoadLib\org\springframework\boot\spring-boot-autoconfigure\2.0.0.RELEASE\spring-boot-autoconfigure-2.0.0.RELEASE.jar;D:\chenbin\setUpSoftWare\apache-maven-3.5.4\downLoadLib\javax\annotation\javax.annotation-api\1.3.2\javax.annotation-api-1.3.2.jar;D:\chenbin\setUpSoftWare\apache-maven-3.5.4\downLoadLib\org\yaml\snakeyaml\1.19\snakeyaml-1.19.jar;D:\chenbin\setUpSoftWare\apache-maven-3.5.4\downLoadLib\org\springframework\boot\spring-boot-starter-json\2.0.0.RELEASE\spring-boot-starter-json-2.0.0.RELEASE.jar;D:\chenbin\setUpSoftWare\apache-maven-3.5.4\downLoadLib\com\fasterxml\jackson\core\jackson-databind\2.9.4\jackson-databind-2.9.4.jar;D:\chenbin\setUpSoftWare\apache-maven-3.5.4\downLoadLib\com\fasterxml\jackson\core\jackson-annotations\2.9.0\jackson-annotations-2.9.0.jar;D:\chenbin\setUpSoftWare\apache-maven-3.5.4\downLoadLib\com\fasterxml\jackson\core\jackson-core\2.9.4\jackson-core-2.9.4.jar;D:\chenbin\setUpSoftWare\apache-maven-3.5.4\downLoadLib\com\fasterxml\jackson\datatype\jackson-datatype-jdk8\2.9.4\jackson-datatype-jdk8-2.9.4.jar;D:\chenbin\setUpSoftWare\apache-maven-3.5.4\downLoadLib\com\fasterxml\jackson\datatype\jackson-datatype-jsr310\2.9.4\jackson-datatype-jsr310-2.9.4.jar;D:\chenbin\setUpSoftWare\apache-maven-3.5.4\downLoadLib\com\fasterxml\jackson\module\jackson-module-parameter-names\2.9.4\jackson-module-parameter-names-2.9.4.jar;D:\chenbin\setUpSoftWare\apache-maven-3.5.4\downLoadLib\org\springframework\boot\spring-boot-starter-tomcat\2.0.0.RELEASE\spring-boot-starter-tomcat-2.0.0.RELEASE.jar;D:\chenbin\setUpSoftWare\apache-maven-3.5.4\downLoadLib\org\apache\tomcat\embed\tomcat-embed-core\8.5.28\tomcat-embed-core-8.5.28.jar;D:\chenbin\setUpSoftWare\apache-maven-3.5.4\downLoadLib\org\apache\tomcat\embed\tomcat-embed-el\8.5.28\tomcat-embed-el-8.5.28.jar;D:\chenbin\setUpSoftWare\apache-maven-3.5.4\downLoadLib\org\apache\tomcat\embed\tomcat-embed-websocket\8.5.28\tomcat-embed-websocket-8.5.28.jar;D:\chenbin\setUpSoftWare\apache-maven-3.5.4\downLoadLib\org\hibernate\validator\hibernate-validator\6.0.7.Final\hibernate-validator-6.0.7.Final.jar;D:\chenbin\setUpSoftWare\apache-maven-3.5.4\downLoadLib\javax\validation\validation-api\2.0.1.Final\validation-api-2.0.1.Final.jar;D:\chenbin\setUpSoftWare\apache-maven-3.5.4\downLoadLib\org\jboss\logging\jboss-logging\3.3.2.Final\jboss-logging-3.3.2.Final.jar;D:\chenbin\setUpSoftWare\apache-maven-3.5.4\downLoadLib\com\fasterxml\classmate\1.3.4\classmate-1.3.4.jar;D:\chenbin\setUpSoftWare\apache-maven-3.5.4\downLoadLib\org\springframework\spring-web\5.0.4.RELEASE\spring-web-5.0.4.RELEASE.jar;D:\chenbin\setUpSoftWare\apache-maven-3.5.4\downLoadLib\org\springframework\spring-beans\5.0.4.RELEASE\spring-beans-5.0.4.RELEASE.jar;D:\chenbin\setUpSoftWare\apache-maven-3.5.4\downLoadLib\org\springframework\spring-webmvc\5.0.4.RELEASE\spring-webmvc-5.0.4.RELEASE.jar;D:\chenbin\setUpSoftWare\apache-maven-3.5.4\downLoadLib\org\springframework\spring-aop\5.0.4.RELEASE\spring-aop-5.0.4.RELEASE.jar;D:\chenbin\setUpSoftWare\apache-maven-3.5.4\downLoadLib\org\springframework\spring-context\5.0.4.RELEASE\spring-context-5.0.4.RELEASE.jar;D:\chenbin\setUpSoftWare\apache-maven-3.5.4\downLoadLib\org\springframework\spring-expression\5.0.4.RELEASE\spring-expression-5.0.4.RELEASE.jar;D:\chenbin\setUpSoftWare\apache-maven-3.5.4\downLoadLib\org\springframework\boot\spring-boot-starter-jdbc\2.0.0.RELEASE\spring-boot-starter-jdbc-2.0.0.RELEASE.jar;D:\chenbin\setUpSoftWare\apache-maven-3.5.4\downLoadLib\com\zaxxer\HikariCP\2.7.8\HikariCP-2.7.8.jar;D:\chenbin\setUpSoftWare\apache-maven-3.5.4\downLoadLib\org\springframework\spring-jdbc\5.0.4.RELEASE\spring-jdbc-5.0.4.RELEASE.jar;D:\chenbin\setUpSoftWare\apache-maven-3.5.4\downLoadLib\org\springframework\spring-tx\5.0.4.RELEASE\spring-tx-5.0.4.RELEASE.jar;D:\chenbin\setUpSoftWare\apache-maven-3.5.4\downLoadLib\mysql\mysql-connector-java\5.1.45\mysql-connector-java-5.1.45.jar;D:\chenbin\setUpSoftWare\apache-maven-3.5.4\downLoadLib\org\springframework\boot\spring-boot-starter-test\2.0.0.RELEASE\spring-boot-starter-test-2.0.0.RELEASE.jar;D:\chenbin\setUpSoftWare\apache-maven-3.5.4\downLoadLib\org\springframework\boot\spring-boot-test\2.0.0.RELEASE\spring-boot-test-2.0.0.RELEASE.jar;D:\chenbin\setUpSoftWare\apache-maven-3.5.4\downLoadLib\org\springframework\boot\spring-boot-test-autoconfigure\2.0.0.RELEASE\spring-boot-test-autoconfigure-2.0.0.RELEASE.jar;D:\chenbin\setUpSoftWare\apache-maven-3.5.4\downLoadLib\com\jayway\jsonpath\json-path\2.4.0\json-path-2.4.0.jar;D:\chenbin\setUpSoftWare\apache-maven-3.5.4\downLoadLib\net\minidev\json-smart\2.3\json-smart-2.3.jar;D:\chenbin\setUpSoftWare\apache-maven-3.5.4\downLoadLib\net\minidev\accessors-smart\1.2\accessors-smart-1.2.jar;D:\chenbin\setUpSoftWare\apache-maven-3.5.4\downLoadLib\org\ow2\asm\asm\5.0.4\asm-5.0.4.jar;D:\chenbin\setUpSoftWare\apache-maven-3.5.4\downLoadLib\org\assertj\assertj-core\3.9.1\assertj-core-3.9.1.jar;D:\chenbin\setUpSoftWare\apache-maven-3.5.4\downLoadLib\org\mockito\mockito-core\2.15.0\mockito-core-2.15.0.jar;D:\chenbin\setUpSoftWare\apache-maven-3.5.4\downLoadLib\net\bytebuddy\byte-buddy\1.7.10\byte-buddy-1.7.10.jar;D:\chenbin\setUpSoftWare\apache-maven-3.5.4\downLoadLib\net\bytebuddy\byte-buddy-agent\1.7.10\byte-buddy-agent-1.7.10.jar;D:\chenbin\setUpSoftWare\apache-maven-3.5.4\downLoadLib\org\objenesis\objenesis\2.6\objenesis-2.6.jar;D:\chenbin\setUpSoftWare\apache-maven-3.5.4\downLoadLib\org\hamcrest\hamcrest-core\1.3\hamcrest-core-1.3.jar;D:\chenbin\setUpSoftWare\apache-maven-3.5.4\downLoadLib\org\hamcrest\hamcrest-library\1.3\hamcrest-library-1.3.jar;D:\chenbin\setUpSoftWare\apache-maven-3.5.4\downLoadLib\org\skyscreamer\jsonassert\1.5.0\jsonassert-1.5.0.jar;D:\chenbin\setUpSoftWare\apache-maven-3.5.4\downLoadLib\com\vaadin\external\google\android-json\0.0.20131108.vaadin1\android-json-0.0.20131108.vaadin1.jar;D:\chenbin\setUpSoftWare\apache-maven-3.5.4\downLoadLib\org\springframework\spring-core\5.0.4.RELEASE\spring-core-5.0.4.RELEASE.jar;D:\chenbin\setUpSoftWare\apache-maven-3.5.4\downLoadLib\org\springframework\spring-jcl\5.0.4.RELEASE\spring-jcl-5.0.4.RELEASE.jar;D:\chenbin\setUpSoftWare\apache-maven-3.5.4\downLoadLib\org\springframework\spring-test\5.0.4.RELEASE\spring-test-5.0.4.RELEASE.jar;D:\chenbin\setUpSoftWare\apache-maven-3.5.4\downLoadLib\org\xmlunit\xmlunit-core\2.5.1\xmlunit-core-2.5.1.jar;D:\chenbin\setUpSoftWare\apache-maven-3.5.4\downLoadLib\org\mybatis\mybatis\3.2.8\mybatis-3.2.8.jar;D:\chenbin\setUpSoftWare\apache-maven-3.5.4\downLoadLib\org\mybatis\mybatis-spring\1.3.0\mybatis-spring-1.3.0.jar;D:\chenbin\setUpSoftWare\apache-maven-3.5.4\downLoadLib\com\alibaba\druid\1.0.18\druid-1.0.18.jar;D:\chenbin\setUpSoftWare\Java\jdk1.8.0_181\jre\..\lib\jconsole.jar;D:\chenbin\setUpSoftWare\Java\jdk1.8.0_181\jre\..\lib\tools.jar;D:\chenbin\setUpSoftWare\apache-maven-3.5.4\downLoadLib\junit\junit\3.8.1\junit-3.8.1.jar;"/>
    <property name="java.vm.vendor" value="Oracle Corporation"/>
    <property name="sun.arch.data.model" value="64"/>
    <property name="user.variant" value=""/>
    <property name="java.vendor.url" value="http://java.oracle.com/"/>
    <property name="user.timezone" value=""/>
    <property name="java.vm.specification.version" value="1.8"/>
    <property name="os.name" value="Windows 7"/>
    <property name="user.country" value="CN"/>
    <property name="sun.java.launcher" value="SUN_STANDARD"/>
    <property name="sun.boot.library.path" value="D:\chenbin\setUpSoftWare\Java\jdk1.8.0_181\jre\bin"/>
    <property name="sun.java.command" value="C:\Users\BIN~1.CHE\AppData\Local\Temp\surefire5637939375184706775\surefirebooter8758154613231294821.jar C:\Users\bin.chen\AppData\Local\Temp\surefire5637939375184706775 2019-04-29T09-51-19_629-jvmRun1 surefire1535313448008979786tmp surefire_01098459291629327058tmp"/>
    <property name="surefire.test.class.path" value="D:\chenbin\workspace20180920\dubbo_Demo_Provider\target\test-classes;D:\chenbin\workspace20180920\dubbo_Demo_Provider\target\classes;D:\chenbin\setUpSoftWare\apache-maven-3.5.4\downLoadLib\org\apache\tomcat\tomcat-juli\8.5.28\tomcat-juli-8.5.28.jar;D:\chenbin\setUpSoftWare\apache-maven-3.5.4\downLoadLib\com\cb\dubbo.demo.api\0.0.1-SNAPSHOT\dubbo.demo.api-0.0.1-SNAPSHOT.jar;D:\chenbin\setUpSoftWare\apache-maven-3.5.4\downLoadLib\com\alibaba\dubbo\2.5.3\dubbo-2.5.3.jar;D:\chenbin\setUpSoftWare\apache-maven-3.5.4\downLoadLib\org\javassist\javassist\3.15.0-GA\javassist-3.15.0-GA.jar;D:\chenbin\setUpSoftWare\apache-maven-3.5.4\downLoadLib\org\jboss\netty\netty\3.2.5.Final\netty-3.2.5.Final.jar;D:\chenbin\setUpSoftWare\apache-maven-3.5.4\downLoadLib\com\github\sgroschupf\zkclient\0.1\zkclient-0.1.jar;D:\chenbin\setUpSoftWare\apache-maven-3.5.4\downLoadLib\log4j\log4j\1.2.14\log4j-1.2.14.jar;D:\chenbin\setUpSoftWare\apache-maven-3.5.4\downLoadLib\org\apache\zookeeper\zookeeper\3.4.10\zookeeper-3.4.10.jar;D:\chenbin\setUpSoftWare\apache-maven-3.5.4\downLoadLib\org\slf4j\slf4j-api\1.7.25\slf4j-api-1.7.25.jar;D:\chenbin\setUpSoftWare\apache-maven-3.5.4\downLoadLib\org\slf4j\slf4j-log4j12\1.7.25\slf4j-log4j12-1.7.25.jar;D:\chenbin\setUpSoftWare\apache-maven-3.5.4\downLoadLib\jline\jline\0.9.94\jline-0.9.94.jar;D:\chenbin\setUpSoftWare\apache-maven-3.5.4\downLoadLib\io\netty\netty\3.10.5.Final\netty-3.10.5.Final.jar;D:\chenbin\setUpSoftWare\apache-maven-3.5.4\downLoadLib\org\springframework\boot\spring-boot-starter-web\2.0.0.RELEASE\spring-boot-starter-web-2.0.0.RELEASE.jar;D:\chenbin\setUpSoftWare\apache-maven-3.5.4\downLoadLib\org\springframework\boot\spring-boot-starter\2.0.0.RELEASE\spring-boot-starter-2.0.0.RELEASE.jar;D:\chenbin\setUpSoftWare\apache-maven-3.5.4\downLoadLib\org\springframework\boot\spring-boot\2.0.0.RELEASE\spring-boot-2.0.0.RELEASE.jar;D:\chenbin\setUpSoftWare\apache-maven-3.5.4\downLoadLib\org\springframework\boot\spring-boot-autoconfigure\2.0.0.RELEASE\spring-boot-autoconfigure-2.0.0.RELEASE.jar;D:\chenbin\setUpSoftWare\apache-maven-3.5.4\downLoadLib\javax\annotation\javax.annotation-api\1.3.2\javax.annotation-api-1.3.2.jar;D:\chenbin\setUpSoftWare\apache-maven-3.5.4\downLoadLib\org\yaml\snakeyaml\1.19\snakeyaml-1.19.jar;D:\chenbin\setUpSoftWare\apache-maven-3.5.4\downLoadLib\org\springframework\boot\spring-boot-starter-json\2.0.0.RELEASE\spring-boot-starter-json-2.0.0.RELEASE.jar;D:\chenbin\setUpSoftWare\apache-maven-3.5.4\downLoadLib\com\fasterxml\jackson\core\jackson-databind\2.9.4\jackson-databind-2.9.4.jar;D:\chenbin\setUpSoftWare\apache-maven-3.5.4\downLoadLib\com\fasterxml\jackson\core\jackson-annotations\2.9.0\jackson-annotations-2.9.0.jar;D:\chenbin\setUpSoftWare\apache-maven-3.5.4\downLoadLib\com\fasterxml\jackson\core\jackson-core\2.9.4\jackson-core-2.9.4.jar;D:\chenbin\setUpSoftWare\apache-maven-3.5.4\downLoadLib\com\fasterxml\jackson\datatype\jackson-datatype-jdk8\2.9.4\jackson-datatype-jdk8-2.9.4.jar;D:\chenbin\setUpSoftWare\apache-maven-3.5.4\downLoadLib\com\fasterxml\jackson\datatype\jackson-datatype-jsr310\2.9.4\jackson-datatype-jsr310-2.9.4.jar;D:\chenbin\setUpSoftWare\apache-maven-3.5.4\downLoadLib\com\fasterxml\jackson\module\jackson-module-parameter-names\2.9.4\jackson-module-parameter-names-2.9.4.jar;D:\chenbin\setUpSoftWare\apache-maven-3.5.4\downLoadLib\org\springframework\boot\spring-boot-starter-tomcat\2.0.0.RELEASE\spring-boot-starter-tomcat-2.0.0.RELEASE.jar;D:\chenbin\setUpSoftWare\apache-maven-3.5.4\downLoadLib\org\apache\tomcat\embed\tomcat-embed-core\8.5.28\tomcat-embed-core-8.5.28.jar;D:\chenbin\setUpSoftWare\apache-maven-3.5.4\downLoadLib\org\apache\tomcat\embed\tomcat-embed-el\8.5.28\tomcat-embed-el-8.5.28.jar;D:\chenbin\setUpSoftWare\apache-maven-3.5.4\downLoadLib\org\apache\tomcat\embed\tomcat-embed-websocket\8.5.28\tomcat-embed-websocket-8.5.28.jar;D:\chenbin\setUpSoftWare\apache-maven-3.5.4\downLoadLib\org\hibernate\validator\hibernate-validator\6.0.7.Final\hibernate-validator-6.0.7.Final.jar;D:\chenbin\setUpSoftWare\apache-maven-3.5.4\downLoadLib\javax\validation\validation-api\2.0.1.Final\validation-api-2.0.1.Final.jar;D:\chenbin\setUpSoftWare\apache-maven-3.5.4\downLoadLib\org\jboss\logging\jboss-logging\3.3.2.Final\jboss-logging-3.3.2.Final.jar;D:\chenbin\setUpSoftWare\apache-maven-3.5.4\downLoadLib\com\fasterxml\classmate\1.3.4\classmate-1.3.4.jar;D:\chenbin\setUpSoftWare\apache-maven-3.5.4\downLoadLib\org\springframework\spring-web\5.0.4.RELEASE\spring-web-5.0.4.RELEASE.jar;D:\chenbin\setUpSoftWare\apache-maven-3.5.4\downLoadLib\org\springframework\spring-beans\5.0.4.RELEASE\spring-beans-5.0.4.RELEASE.jar;D:\chenbin\setUpSoftWare\apache-maven-3.5.4\downLoadLib\org\springframework\spring-webmvc\5.0.4.RELEASE\spring-webmvc-5.0.4.RELEASE.jar;D:\chenbin\setUpSoftWare\apache-maven-3.5.4\downLoadLib\org\springframework\spring-aop\5.0.4.RELEASE\spring-aop-5.0.4.RELEASE.jar;D:\chenbin\setUpSoftWare\apache-maven-3.5.4\downLoadLib\org\springframework\spring-context\5.0.4.RELEASE\spring-context-5.0.4.RELEASE.jar;D:\chenbin\setUpSoftWare\apache-maven-3.5.4\downLoadLib\org\springframework\spring-expression\5.0.4.RELEASE\spring-expression-5.0.4.RELEASE.jar;D:\chenbin\setUpSoftWare\apache-maven-3.5.4\downLoadLib\org\springframework\boot\spring-boot-starter-jdbc\2.0.0.RELEASE\spring-boot-starter-jdbc-2.0.0.RELEASE.jar;D:\chenbin\setUpSoftWare\apache-maven-3.5.4\downLoadLib\com\zaxxer\HikariCP\2.7.8\HikariCP-2.7.8.jar;D:\chenbin\setUpSoftWare\apache-maven-3.5.4\downLoadLib\org\springframework\spring-jdbc\5.0.4.RELEASE\spring-jdbc-5.0.4.RELEASE.jar;D:\chenbin\setUpSoftWare\apache-maven-3.5.4\downLoadLib\org\springframework\spring-tx\5.0.4.RELEASE\spring-tx-5.0.4.RELEASE.jar;D:\chenbin\setUpSoftWare\apache-maven-3.5.4\downLoadLib\mysql\mysql-connector-java\5.1.45\mysql-connector-java-5.1.45.jar;D:\chenbin\setUpSoftWare\apache-maven-3.5.4\downLoadLib\org\springframework\boot\spring-boot-starter-test\2.0.0.RELEASE\spring-boot-starter-test-2.0.0.RELEASE.jar;D:\chenbin\setUpSoftWare\apache-maven-3.5.4\downLoadLib\org\springframework\boot\spring-boot-test\2.0.0.RELEASE\spring-boot-test-2.0.0.RELEASE.jar;D:\chenbin\setUpSoftWare\apache-maven-3.5.4\downLoadLib\org\springframework\boot\spring-boot-test-autoconfigure\2.0.0.RELEASE\spring-boot-test-autoconfigure-2.0.0.RELEASE.jar;D:\chenbin\setUpSoftWare\apache-maven-3.5.4\downLoadLib\com\jayway\jsonpath\json-path\2.4.0\json-path-2.4.0.jar;D:\chenbin\setUpSoftWare\apache-maven-3.5.4\downLoadLib\net\minidev\json-smart\2.3\json-smart-2.3.jar;D:\chenbin\setUpSoftWare\apache-maven-3.5.4\downLoadLib\net\minidev\accessors-smart\1.2\accessors-smart-1.2.jar;D:\chenbin\setUpSoftWare\apache-maven-3.5.4\downLoadLib\org\ow2\asm\asm\5.0.4\asm-5.0.4.jar;D:\chenbin\setUpSoftWare\apache-maven-3.5.4\downLoadLib\org\assertj\assertj-core\3.9.1\assertj-core-3.9.1.jar;D:\chenbin\setUpSoftWare\apache-maven-3.5.4\downLoadLib\org\mockito\mockito-core\2.15.0\mockito-core-2.15.0.jar;D:\chenbin\setUpSoftWare\apache-maven-3.5.4\downLoadLib\net\bytebuddy\byte-buddy\1.7.10\byte-buddy-1.7.10.jar;D:\chenbin\setUpSoftWare\apache-maven-3.5.4\downLoadLib\net\bytebuddy\byte-buddy-agent\1.7.10\byte-buddy-agent-1.7.10.jar;D:\chenbin\setUpSoftWare\apache-maven-3.5.4\downLoadLib\org\objenesis\objenesis\2.6\objenesis-2.6.jar;D:\chenbin\setUpSoftWare\apache-maven-3.5.4\downLoadLib\org\hamcrest\hamcrest-core\1.3\hamcrest-core-1.3.jar;D:\chenbin\setUpSoftWare\apache-maven-3.5.4\downLoadLib\org\hamcrest\hamcrest-library\1.3\hamcrest-library-1.3.jar;D:\chenbin\setUpSoftWare\apache-maven-3.5.4\downLoadLib\org\skyscreamer\jsonassert\1.5.0\jsonassert-1.5.0.jar;D:\chenbin\setUpSoftWare\apache-maven-3.5.4\downLoadLib\com\vaadin\external\google\android-json\0.0.20131108.vaadin1\android-json-0.0.20131108.vaadin1.jar;D:\chenbin\setUpSoftWare\apache-maven-3.5.4\downLoadLib\org\springframework\spring-core\5.0.4.RELEASE\spring-core-5.0.4.RELEASE.jar;D:\chenbin\setUpSoftWare\apache-maven-3.5.4\downLoadLib\org\springframework\spring-jcl\5.0.4.RELEASE\spring-jcl-5.0.4.RELEASE.jar;D:\chenbin\setUpSoftWare\apache-maven-3.5.4\downLoadLib\org\springframework\spring-test\5.0.4.RELEASE\spring-test-5.0.4.RELEASE.jar;D:\chenbin\setUpSoftWare\apache-maven-3.5.4\downLoadLib\org\xmlunit\xmlunit-core\2.5.1\xmlunit-core-2.5.1.jar;D:\chenbin\setUpSoftWare\apache-maven-3.5.4\downLoadLib\org\mybatis\mybatis\3.2.8\mybatis-3.2.8.jar;D:\chenbin\setUpSoftWare\apache-maven-3.5.4\downLoadLib\org\mybatis\mybatis-spring\1.3.0\mybatis-spring-1.3.0.jar;D:\chenbin\setUpSoftWare\apache-maven-3.5.4\downLoadLib\com\alibaba\druid\1.0.18\druid-1.0.18.jar;D:\chenbin\setUpSoftWare\Java\jdk1.8.0_181\jre\..\lib\jconsole.jar;D:\chenbin\setUpSoftWare\Java\jdk1.8.0_181\jre\..\lib\tools.jar;D:\chenbin\setUpSoftWare\apache-maven-3.5.4\downLoadLib\junit\junit\3.8.1\junit-3.8.1.jar;"/>
    <property name="sun.cpu.endian" value="little"/>
    <property name="user.home" value="C:\Users\bin.chen"/>
    <property name="user.language" value="zh"/>
    <property name="java.specification.vendor" value="Oracle Corporation"/>
    <property name="java.home" value="D:\chenbin\setUpSoftWare\Java\jdk1.8.0_181\jre"/>
    <property name="basedir" value="D:\chenbin\workspace20180920\dubbo_Demo_Provider"/>
    <property name="file.separator" value="\"/>
    <property name="line.separator" value="&#10;"/>
    <property name="java.vm.specification.vendor" value="Oracle Corporation"/>
    <property name="java.specification.name" value="Java Platform API Specification"/>
    <property name="java.awt.graphicsenv" value="sun.awt.Win32GraphicsEnvironment"/>
    <property name="surefire.real.class.path" value="C:\Users\BIN~1.CHE\AppData\Local\Temp\surefire5637939375184706775\surefirebooter8758154613231294821.jar"/>
    <property name="sun.boot.class.path" value="D:\chenbin\setUpSoftWare\Java\jdk1.8.0_181\jre\lib\resources.jar;D:\chenbin\setUpSoftWare\Java\jdk1.8.0_181\jre\lib\rt.jar;D:\chenbin\setUpSoftWare\Java\jdk1.8.0_181\jre\lib\sunrsasign.jar;D:\chenbin\setUpSoftWare\Java\jdk1.8.0_181\jre\lib\jsse.jar;D:\chenbin\setUpSoftWare\Java\jdk1.8.0_181\jre\lib\jce.jar;D:\chenbin\setUpSoftWare\Java\jdk1.8.0_181\jre\lib\charsets.jar;D:\chenbin\setUpSoftWare\Java\jdk1.8.0_181\jre\lib\jfr.jar;D:\chenbin\setUpSoftWare\Java\jdk1.8.0_181\jre\classes"/>
    <property name="user.script" value=""/>
    <property name="sun.management.compiler" value="HotSpot 64-Bit Tiered Compilers"/>
    <property name="java.runtime.version" value="1.8.0_181-b13"/>
    <property name="user.name" value="bin.chen"/>
    <property name="path.separator" value=";"/>
    <property name="os.version" value="6.1"/>
    <property name="java.endorsed.dirs" value="D:\chenbin\setUpSoftWare\Java\jdk1.8.0_181\jre\lib\endorsed"/>
    <property name="java.runtime.name" value="Java(TM) SE Runtime Environment"/>
    <property name="file.encoding" value="GBK"/>
    <property name="java.vm.name" value="Java HotSpot(TM) 64-Bit Server VM"/>
    <property name="localRepository" value="D:\chenbin\setUpSoftWare\apache-maven-3.5.4\downLoadLib"/>
    <property name="java.vendor.url.bug" value="http://bugreport.sun.com/bugreport/"/>
    <property name="java.io.tmpdir" value="C:\Users\BIN~1.CHE\AppData\Local\Temp\"/>
    <property name="java.version" value="1.8.0_181"/>
    <property name="user.dir" value="D:\chenbin\workspace20180920\dubbo_Demo_Provider"/>
    <property name="os.arch" value="amd64"/>
    <property name="java.vm.specification.name" value="Java Virtual Machine Specification"/>
    <property name="java.awt.printerjob" value="sun.awt.windows.WPrinterJob"/>
    <property name="sun.os.patch.level" value="Service Pack 1"/>
    <property name="java.library.path" value="D:\chenbin\setUpSoftWare\Java\jdk1.8.0_181\jre\bin;C:\windows\Sun\Java\bin;C:\windows\system32;C:\windows;D:/chenbin/setUpSoftWare/Java/jdk1.8.0_181/bin/../jre/bin/server;D:/chenbin/setUpSoftWare/Java/jdk1.8.0_181/bin/../jre/bin;D:/chenbin/setUpSoftWare/Java/jdk1.8.0_181/bin/../jre/lib/amd64;D:\chenbin\setUpSoftWare\apache-maven-3.5.4\bin;D:\chenbin\setUpSoftWare\Java\jdk1.8.0_181\bin;D:\chenbin\setUpSoftWare\Anaconda\Anaconda3;D:\chenbin\setUpSoftWare\Anaconda\Anaconda3\Library\mingw-w64\bin;D:\chenbin\setUpSoftWare\Anaconda\Anaconda3\Library\usr\bin;D:\chenbin\setUpSoftWare\Anaconda\Anaconda3\Library\bin;D:\chenbin\setUpSoftWare\Anaconda\Anaconda3\Scripts;D:\chenbin\setUpSoftWare\python\Python36;C:\Program Files (x86)\Common Files\Oracle\Java\javapath;C:\windows\system32;C:\windows;C:\windows\System32\Wbem;C:\windows\System32\WindowsPowerShell\v1.0\;C:\Program Files (x86)\Kingdee\K3ERP\K3Express\KDSYSTEM;C:\Program Files\Git\cmd;D:\chenbin\setUpSoftWare\nodeJS\;D:\temp\toolTest\VideoFilterDataV2.1\VideoFilterDataV2.1\ffmpeg-20190328-f8fa8bb-win64-static\ffmpeg-20190328-f8fa8bb-win64-static\bin;D:\chenbin\setUpSoftWare\apache-tomcat-9.0.12/bin;D:\chenbin\setUpSoftWare\python\Python36\Scripts\;D:\chenbin\setUpSoftWare\python\Python36\;C:\Users\bin.chen\AppData\Local\Programs\Python\Launcher\;C:\Users\bin.chen\AppData\Roaming\npm;C:\Users\bin.chen\AppData\Local\Programs\Microsoft VS Code\bin;D:\chenbin\setUpSoftWare\Docker Toolbox;D:\Desktop\bin.chen\Desktop;;."/>
    <property name="java.vm.info" value="mixed mode"/>
    <property name="java.vendor" value="Oracle Corporation"/>
    <property name="java.vm.version" value="25.181-b13"/>
    <property name="java.ext.dirs" value="D:\chenbin\setUpSoftWare\Java\jdk1.8.0_181\jre\lib\ext;C:\windows\Sun\Java\lib\ext"/>
    <property name="sun.io.unicode.encoding" value="UnicodeLittle"/>
    <property name="java.class.version" value="52.0"/>
  </properties>
  <testcase name="testApp" classname="com.cb.dubbo.demo.provider.AppTest" time="0"/>
</testsuite>