<?xml version="1.0" encoding="UTF-8" ?>
<testsuite tests="1" failures="0" name="com.cb.dubbo_Demo_API.AppTest" time="0.001" errors="0" skipped="0">
  <properties>
    <property name="java.runtime.name" value="Java(TM) SE Runtime Environment"/>
    <property name="sun.boot.library.path" value="D:\chenbin\setUpSoftWare\Java\jdk1.8.0_181\jre\bin"/>
    <property name="java.vm.version" value="25.181-b13"/>
    <property name="java.vm.vendor" value="Oracle Corporation"/>
    <property name="maven.multiModuleProjectDirectory" value="D:\chenbin\workspace20180920\dubbo_Demo_API"/>
    <property name="java.vendor.url" value="http://java.oracle.com/"/>
    <property name="path.separator" value=";"/>
    <property name="guice.disable.misplaced.annotation.check" value="true"/>
    <property name="java.vm.name" value="Java HotSpot(TM) 64-Bit Server VM"/>
    <property name="file.encoding.pkg" value="sun.io"/>
    <property name="user.script" value=""/>
    <property name="user.country" value="CN"/>
    <property name="sun.java.launcher" value="SUN_STANDARD"/>
    <property name="sun.os.patch.level" value="Service Pack 1"/>
    <property name="java.vm.specification.name" value="Java Virtual Machine Specification"/>
    <property name="user.dir" value="D:\chenbin\workspace20180920\dubbo_Demo_API"/>
    <property name="java.runtime.version" value="1.8.0_181-b13"/>
    <property name="java.awt.graphicsenv" value="sun.awt.Win32GraphicsEnvironment"/>
    <property name="java.endorsed.dirs" value="D:\chenbin\setUpSoftWare\Java\jdk1.8.0_181\jre\lib\endorsed"/>
    <property name="os.arch" value="amd64"/>
    <property name="java.io.tmpdir" value="C:\Users\BIN~1.CHE\AppData\Local\Temp\"/>
    <property name="line.separator" value="
"/>
    <property name="java.vm.specification.vendor" value="Oracle Corporation"/>
    <property name="user.variant" value=""/>
    <property name="os.name" value="Windows 7"/>
    <property name="classworlds.conf" value="D:\chenbin\workspace20180920\.metadata\.plugins\org.eclipse.m2e.launching\launches\m2conf7725791110090901742.tmp"/>
    <property name="sun.jnu.encoding" value="GBK"/>
    <property name="java.library.path" value="D:\chenbin\setUpSoftWare\Java\jdk1.8.0_181\bin;C:\windows\Sun\Java\bin;C:\windows\system32;C:\windows;D:/chenbin/setUpSoftWare/Java/jdk1.8.0_181/bin/../jre/bin/server;D:/chenbin/setUpSoftWare/Java/jdk1.8.0_181/bin/../jre/bin;D:/chenbin/setUpSoftWare/Java/jdk1.8.0_181/bin/../jre/lib/amd64;D:\chenbin\setUpSoftWare\apache-maven-3.5.4\bin;D:\chenbin\setUpSoftWare\Java\jdk1.8.0_181\bin;D:\chenbin\setUpSoftWare\Anaconda\Anaconda3;D:\chenbin\setUpSoftWare\Anaconda\Anaconda3\Library\mingw-w64\bin;D:\chenbin\setUpSoftWare\Anaconda\Anaconda3\Library\usr\bin;D:\chenbin\setUpSoftWare\Anaconda\Anaconda3\Library\bin;D:\chenbin\setUpSoftWare\Anaconda\Anaconda3\Scripts;D:\chenbin\setUpSoftWare\python\Python36;C:\Program Files (x86)\Common Files\Oracle\Java\javapath;C:\windows\system32;C:\windows;C:\windows\System32\Wbem;C:\windows\System32\WindowsPowerShell\v1.0\;C:\Program Files (x86)\Kingdee\K3ERP\K3Express\KDSYSTEM;C:\Program Files\Git\cmd;D:\chenbin\setUpSoftWare\nodeJS\;D:\temp\toolTest\VideoFilterDataV2.1\VideoFilterDataV2.1\ffmpeg-20190328-f8fa8bb-win64-static\ffmpeg-20190328-f8fa8bb-win64-static\bin;D:\chenbin\setUpSoftWare\apache-tomcat-9.0.12/bin;D:\chenbin\setUpSoftWare\python\Python36\Scripts\;D:\chenbin\setUpSoftWare\python\Python36\;C:\Users\bin.chen\AppData\Local\Programs\Python\Launcher\;C:\Users\bin.chen\AppData\Roaming\npm;C:\Users\bin.chen\AppData\Local\Programs\Microsoft VS Code\bin;D:\chenbin\setUpSoftWare\Docker Toolbox;D:\Desktop\bin.chen\Desktop;;."/>
    <property name="java.specification.name" value="Java Platform API Specification"/>
    <property name="java.class.version" value="52.0"/>
    <property name="sun.management.compiler" value="HotSpot 64-Bit Tiered Compilers"/>
    <property name="os.version" value="6.1"/>
    <property name="user.home" value="C:\Users\bin.chen"/>
    <property name="user.timezone" value="Asia/Shanghai"/>
    <property name="java.awt.printerjob" value="sun.awt.windows.WPrinterJob"/>
    <property name="java.specification.version" value="1.8"/>
    <property name="file.encoding" value="GBK"/>
    <property name="user.name" value="bin.chen"/>
    <property name="java.class.path" value="D:\chenbin\setUpSoftWare\apache-maven-3.5.4\boot\plexus-classworlds-2.5.2.jar"/>
    <property name="java.vm.specification.version" value="1.8"/>
    <property name="sun.arch.data.model" value="64"/>
    <property name="java.home" value="D:\chenbin\setUpSoftWare\Java\jdk1.8.0_181\jre"/>
    <property name="sun.java.command" value="org.codehaus.plexus.classworlds.launcher.Launcher -B -gs D:\chenbin\setUpSoftWare\apache-maven-3.5.4\conf\settings.xml -s D:\chenbin\setUpSoftWare\apache-maven-3.5.4\conf\settings.xml install"/>
    <property name="java.specification.vendor" value="Oracle Corporation"/>
    <property name="user.language" value="zh"/>
    <property name="awt.toolkit" value="sun.awt.windows.WToolkit"/>
    <property name="java.vm.info" value="mixed mode"/>
    <property name="java.version" value="1.8.0_181"/>
    <property name="java.ext.dirs" value="D:\chenbin\setUpSoftWare\Java\jdk1.8.0_181\jre\lib\ext;C:\windows\Sun\Java\lib\ext"/>
    <property name="sun.boot.class.path" value="D:\chenbin\setUpSoftWare\Java\jdk1.8.0_181\jre\lib\resources.jar;D:\chenbin\setUpSoftWare\Java\jdk1.8.0_181\jre\lib\rt.jar;D:\chenbin\setUpSoftWare\Java\jdk1.8.0_181\jre\lib\sunrsasign.jar;D:\chenbin\setUpSoftWare\Java\jdk1.8.0_181\jre\lib\jsse.jar;D:\chenbin\setUpSoftWare\Java\jdk1.8.0_181\jre\lib\jce.jar;D:\chenbin\setUpSoftWare\Java\jdk1.8.0_181\jre\lib\charsets.jar;D:\chenbin\setUpSoftWare\Java\jdk1.8.0_181\jre\lib\jfr.jar;D:\chenbin\setUpSoftWare\Java\jdk1.8.0_181\jre\classes"/>
    <property name="java.vendor" value="Oracle Corporation"/>
    <property name="maven.home" value="D:\chenbin\setUpSoftWare\apache-maven-3.5.4"/>
    <property name="file.separator" value="\"/>
    <property name="java.vendor.url.bug" value="http://bugreport.sun.com/bugreport/"/>
    <property name="sun.cpu.endian" value="little"/>
    <property name="sun.io.unicode.encoding" value="UnicodeLittle"/>
    <property name="sun.desktop" value="windows"/>
    <property name="sun.cpu.isalist" value="amd64"/>
  </properties>
  <testcase classname="com.cb.dubbo_Demo_API.AppTest" name="testApp" time="0.001"/>
</testsuite>